C:\USERS\BROWNDE1\DOCUMENTS\GAMES 1\GOBLINS AND CASTLE\GOBLINS-AND-CASTLE\CHAP5SINGLETEXTURE\DEBUG\AUDIO.OBJ
C:\USERS\BROWNDE1\DOCUMENTS\GAMES 1\GOBLINS AND CASTLE\GOBLINS-AND-CASTLE\CHAP5SINGLETEXTURE\DEBUG\CANNONBALL.OBJ
C:\USERS\BROWNDE1\DOCUMENTS\GAMES 1\GOBLINS AND CASTLE\GOBLINS-AND-CASTLE\CHAP5SINGLETEXTURE\DEBUG\ENDMENU.OBJ
C:\USERS\BROWNDE1\DOCUMENTS\GAMES 1\GOBLINS AND CASTLE\GOBLINS-AND-CASTLE\CHAP5SINGLETEXTURE\DEBUG\GAME.OBJ
C:\USERS\BROWNDE1\DOCUMENTS\GAMES 1\GOBLINS AND CASTLE\GOBLINS-AND-CASTLE\CHAP5SINGLETEXTURE\DEBUG\GOBLIN.OBJ
C:\USERS\BROWNDE1\DOCUMENTS\GAMES 1\GOBLINS AND CASTLE\GOBLINS-AND-CASTLE\CHAP5SINGLETEXTURE\DEBUG\GRAPHICS.OBJ
C:\USERS\BROWNDE1\DOCUMENTS\GAMES 1\GOBLINS AND CASTLE\GOBLINS-AND-CASTLE\CHAP5SINGLETEXTURE\DEBUG\IMAGE.OBJ
C:\USERS\BROWNDE1\DOCUMENTS\GAMES 1\GOBLINS AND CASTLE\GOBLINS-AND-CASTLE\CHAP5SINGLETEXTURE\DEBUG\INPUT.OBJ
C:\USERS\BROWNDE1\DOCUMENTS\GAMES 1\GOBLINS AND CASTLE\GOBLINS-AND-CASTLE\CHAP5SINGLETEXTURE\DEBUG\ENTITY.OBJ
C:\USERS\BROWNDE1\DOCUMENTS\GAMES 1\GOBLINS AND CASTLE\GOBLINS-AND-CASTLE\CHAP5SINGLETEXTURE\DEBUG\BOOM.OBJ
C:\USERS\BROWNDE1\DOCUMENTS\GAMES 1\GOBLINS AND CASTLE\GOBLINS-AND-CASTLE\CHAP5SINGLETEXTURE\DEBUG\MENU.OBJ
C:\USERS\BROWNDE1\DOCUMENTS\GAMES 1\GOBLINS AND CASTLE\GOBLINS-AND-CASTLE\CHAP5SINGLETEXTURE\DEBUG\PARTICLE.OBJ
C:\USERS\BROWNDE1\DOCUMENTS\GAMES 1\GOBLINS AND CASTLE\GOBLINS-AND-CASTLE\CHAP5SINGLETEXTURE\DEBUG\PARTICLEMANAGER.OBJ
C:\USERS\BROWNDE1\DOCUMENTS\GAMES 1\GOBLINS AND CASTLE\GOBLINS-AND-CASTLE\CHAP5SINGLETEXTURE\DEBUG\SPACEWAR.OBJ
C:\USERS\BROWNDE1\DOCUMENTS\GAMES 1\GOBLINS AND CASTLE\GOBLINS-AND-CASTLE\CHAP5SINGLETEXTURE\DEBUG\STOREMENU.OBJ
C:\USERS\BROWNDE1\DOCUMENTS\GAMES 1\GOBLINS AND CASTLE\GOBLINS-AND-CASTLE\CHAP5SINGLETEXTURE\DEBUG\TEXTDX.OBJ
C:\USERS\BROWNDE1\DOCUMENTS\GAMES 1\GOBLINS AND CASTLE\GOBLINS-AND-CASTLE\CHAP5SINGLETEXTURE\DEBUG\TEXTUREMANAGER.OBJ
C:\USERS\BROWNDE1\DOCUMENTS\GAMES 1\GOBLINS AND CASTLE\GOBLINS-AND-CASTLE\CHAP5SINGLETEXTURE\DEBUG\TOWER.OBJ
C:\USERS\BROWNDE1\DOCUMENTS\GAMES 1\GOBLINS AND CASTLE\GOBLINS-AND-CASTLE\CHAP5SINGLETEXTURE\DEBUG\WINMAIN.OBJ
C:\USERS\BROWNDE1\DOCUMENTS\GAMES 1\GOBLINS AND CASTLE\GOBLINS-AND-CASTLE\CHAP5SINGLETEXTURE\DEBUG\VC110.PDB
C:\USERS\BROWNDE1\DOCUMENTS\GAMES 1\GOBLINS AND CASTLE\GOBLINS-AND-CASTLE\CHAP5SINGLETEXTURE\DEBUG\PLANET.ILK
C:\USERS\BROWNDE1\DOCUMENTS\GAMES 1\GOBLINS AND CASTLE\GOBLINS-AND-CASTLE\CHAP5SINGLETEXTURE\DEBUG\PLANET.EXE
C:\USERS\BROWNDE1\DOCUMENTS\GAMES 1\GOBLINS AND CASTLE\GOBLINS-AND-CASTLE\CHAP5SINGLETEXTURE\DEBUG\PLANET.PDB
C:\Users\brownde1\Documents\Games 1\Goblins and Castle\Goblins-and-Castle\Chap5SingleTexture\Debug\audio.obj
C:\Users\brownde1\Documents\Games 1\Goblins and Castle\Goblins-and-Castle\Chap5SingleTexture\Debug\boom.obj
C:\Users\brownde1\Documents\Games 1\Goblins and Castle\Goblins-and-Castle\Chap5SingleTexture\Debug\cannonBall.obj
C:\Users\brownde1\Documents\Games 1\Goblins and Castle\Goblins-and-Castle\Chap5SingleTexture\Debug\endMenu.obj
C:\Users\brownde1\Documents\Games 1\Goblins and Castle\Goblins-and-Castle\Chap5SingleTexture\Debug\entity.obj
C:\Users\brownde1\Documents\Games 1\Goblins and Castle\Goblins-and-Castle\Chap5SingleTexture\Debug\game.obj
C:\Users\brownde1\Documents\Games 1\Goblins and Castle\Goblins-and-Castle\Chap5SingleTexture\Debug\goblin.obj
C:\Users\brownde1\Documents\Games 1\Goblins and Castle\Goblins-and-Castle\Chap5SingleTexture\Debug\graphics.obj
C:\Users\brownde1\Documents\Games 1\Goblins and Castle\Goblins-and-Castle\Chap5SingleTexture\Debug\image.obj
C:\Users\brownde1\Documents\Games 1\Goblins and Castle\Goblins-and-Castle\Chap5SingleTexture\Debug\input.obj
C:\Users\brownde1\Documents\Games 1\Goblins and Castle\Goblins-and-Castle\Chap5SingleTexture\Debug\menu.obj
C:\Users\brownde1\Documents\Games 1\Goblins and Castle\Goblins-and-Castle\Chap5SingleTexture\Debug\particle.obj
C:\Users\brownde1\Documents\Games 1\Goblins and Castle\Goblins-and-Castle\Chap5SingleTexture\Debug\particleManager.obj
C:\Users\brownde1\Documents\Games 1\Goblins and Castle\Goblins-and-Castle\Chap5SingleTexture\Debug\spacewar.obj
C:\Users\brownde1\Documents\Games 1\Goblins and Castle\Goblins-and-Castle\Chap5SingleTexture\Debug\storeMenu.obj
C:\Users\brownde1\Documents\Games 1\Goblins and Castle\Goblins-and-Castle\Chap5SingleTexture\Debug\textDX.obj
C:\Users\brownde1\Documents\Games 1\Goblins and Castle\Goblins-and-Castle\Chap5SingleTexture\Debug\textureManager.obj
C:\Users\brownde1\Documents\Games 1\Goblins and Castle\Goblins-and-Castle\Chap5SingleTexture\Debug\tower.obj
C:\Users\brownde1\Documents\Games 1\Goblins and Castle\Goblins-and-Castle\Chap5SingleTexture\Debug\winmain.obj
C:\Users\brownde1\Documents\Games 1\Goblins and Castle\Goblins-and-Castle\Chap5SingleTexture\Debug\Planet.ilk
C:\Users\brownde1\Documents\Games 1\Goblins and Castle\Goblins-and-Castle\Chap5SingleTexture\Debug\cl.command.1.tlog
C:\Users\brownde1\Documents\Games 1\Goblins and Castle\Goblins-and-Castle\Chap5SingleTexture\Debug\CL.read.1.tlog
C:\Users\brownde1\Documents\Games 1\Goblins and Castle\Goblins-and-Castle\Chap5SingleTexture\Debug\CL.write.1.tlog
C:\Users\brownde1\Documents\Games 1\Goblins and Castle\Goblins-and-Castle\Chap5SingleTexture\Debug\link-cvtres.read.1.tlog
C:\Users\brownde1\Documents\Games 1\Goblins and Castle\Goblins-and-Castle\Chap5SingleTexture\Debug\link-cvtres.write.1.tlog
C:\Users\brownde1\Documents\Games 1\Goblins and Castle\Goblins-and-Castle\Chap5SingleTexture\Debug\link-rc.read.1.tlog
C:\Users\brownde1\Documents\Games 1\Goblins and Castle\Goblins-and-Castle\Chap5SingleTexture\Debug\link-rc.write.1.tlog
C:\Users\brownde1\Documents\Games 1\Goblins and Castle\Goblins-and-Castle\Chap5SingleTexture\Debug\link.13772-cvtres.read.1.tlog
C:\Users\brownde1\Documents\Games 1\Goblins and Castle\Goblins-and-Castle\Chap5SingleTexture\Debug\link.13772-cvtres.write.1.tlog
C:\Users\brownde1\Documents\Games 1\Goblins and Castle\Goblins-and-Castle\Chap5SingleTexture\Debug\link.13772-rc.read.1.tlog
C:\Users\brownde1\Documents\Games 1\Goblins and Castle\Goblins-and-Castle\Chap5SingleTexture\Debug\link.13772-rc.write.1.tlog
C:\Users\brownde1\Documents\Games 1\Goblins and Castle\Goblins-and-Castle\Chap5SingleTexture\Debug\link.13772.read.1.tlog
C:\Users\brownde1\Documents\Games 1\Goblins and Castle\Goblins-and-Castle\Chap5SingleTexture\Debug\link.13772.write.1.tlog
C:\Users\brownde1\Documents\Games 1\Goblins and Castle\Goblins-and-Castle\Chap5SingleTexture\Debug\link.16572-cvtres.read.1.tlog
C:\Users\brownde1\Documents\Games 1\Goblins and Castle\Goblins-and-Castle\Chap5SingleTexture\Debug\link.16572-cvtres.write.1.tlog
C:\Users\brownde1\Documents\Games 1\Goblins and Castle\Goblins-and-Castle\Chap5SingleTexture\Debug\link.16572-rc.read.1.tlog
C:\Users\brownde1\Documents\Games 1\Goblins and Castle\Goblins-and-Castle\Chap5SingleTexture\Debug\link.16572-rc.write.1.tlog
C:\Users\brownde1\Documents\Games 1\Goblins and Castle\Goblins-and-Castle\Chap5SingleTexture\Debug\link.16572.read.1.tlog
C:\Users\brownde1\Documents\Games 1\Goblins and Castle\Goblins-and-Castle\Chap5SingleTexture\Debug\link.16572.write.1.tlog
C:\Users\brownde1\Documents\Games 1\Goblins and Castle\Goblins-and-Castle\Chap5SingleTexture\Debug\link.3680-cvtres.read.1.tlog
C:\Users\brownde1\Documents\Games 1\Goblins and Castle\Goblins-and-Castle\Chap5SingleTexture\Debug\link.3680-cvtres.write.1.tlog
C:\Users\brownde1\Documents\Games 1\Goblins and Castle\Goblins-and-Castle\Chap5SingleTexture\Debug\link.3680-rc.read.1.tlog
C:\Users\brownde1\Documents\Games 1\Goblins and Castle\Goblins-and-Castle\Chap5SingleTexture\Debug\link.3680-rc.write.1.tlog
C:\Users\brownde1\Documents\Games 1\Goblins and Castle\Goblins-and-Castle\Chap5SingleTexture\Debug\link.3680.read.1.tlog
C:\Users\brownde1\Documents\Games 1\Goblins and Castle\Goblins-and-Castle\Chap5SingleTexture\Debug\link.3680.write.1.tlog
C:\Users\brownde1\Documents\Games 1\Goblins and Castle\Goblins-and-Castle\Chap5SingleTexture\Debug\link.9456-cvtres.read.1.tlog
C:\Users\brownde1\Documents\Games 1\Goblins and Castle\Goblins-and-Castle\Chap5SingleTexture\Debug\link.9456-cvtres.write.1.tlog
C:\Users\brownde1\Documents\Games 1\Goblins and Castle\Goblins-and-Castle\Chap5SingleTexture\Debug\link.9456-rc.read.1.tlog
C:\Users\brownde1\Documents\Games 1\Goblins and Castle\Goblins-and-Castle\Chap5SingleTexture\Debug\link.9456-rc.write.1.tlog
C:\Users\brownde1\Documents\Games 1\Goblins and Castle\Goblins-and-Castle\Chap5SingleTexture\Debug\link.9456.read.1.tlog
C:\Users\brownde1\Documents\Games 1\Goblins and Castle\Goblins-and-Castle\Chap5SingleTexture\Debug\link.9456.write.1.tlog
C:\Users\brownde1\Documents\Games 1\Goblins and Castle\Goblins-and-Castle\Chap5SingleTexture\Debug\link.9952-cvtres.read.1.tlog
C:\Users\brownde1\Documents\Games 1\Goblins and Castle\Goblins-and-Castle\Chap5SingleTexture\Debug\link.9952-cvtres.write.1.tlog
C:\Users\brownde1\Documents\Games 1\Goblins and Castle\Goblins-and-Castle\Chap5SingleTexture\Debug\link.9952-rc.read.1.tlog
C:\Users\brownde1\Documents\Games 1\Goblins and Castle\Goblins-and-Castle\Chap5SingleTexture\Debug\link.9952-rc.write.1.tlog
C:\Users\brownde1\Documents\Games 1\Goblins and Castle\Goblins-and-Castle\Chap5SingleTexture\Debug\link.9952.read.1.tlog
C:\Users\brownde1\Documents\Games 1\Goblins and Castle\Goblins-and-Castle\Chap5SingleTexture\Debug\link.9952.write.1.tlog
C:\Users\brownde1\Documents\Games 1\Goblins and Castle\Goblins-and-Castle\Chap5SingleTexture\Debug\link.9956-cvtres.read.1.tlog
C:\Users\brownde1\Documents\Games 1\Goblins and Castle\Goblins-and-Castle\Chap5SingleTexture\Debug\link.9956-cvtres.write.1.tlog
C:\Users\brownde1\Documents\Games 1\Goblins and Castle\Goblins-and-Castle\Chap5SingleTexture\Debug\link.9956-rc.read.1.tlog
C:\Users\brownde1\Documents\Games 1\Goblins and Castle\Goblins-and-Castle\Chap5SingleTexture\Debug\link.9956-rc.write.1.tlog
C:\Users\brownde1\Documents\Games 1\Goblins and Castle\Goblins-and-Castle\Chap5SingleTexture\Debug\link.9956.read.1.tlog
C:\Users\brownde1\Documents\Games 1\Goblins and Castle\Goblins-and-Castle\Chap5SingleTexture\Debug\link.9956.write.1.tlog
C:\Users\brownde1\Documents\Games 1\Goblins and Castle\Goblins-and-Castle\Chap5SingleTexture\Debug\link.command.1.tlog
C:\Users\brownde1\Documents\Games 1\Goblins and Castle\Goblins-and-Castle\Chap5SingleTexture\Debug\link.read.1.tlog
C:\Users\brownde1\Documents\Games 1\Goblins and Castle\Goblins-and-Castle\Chap5SingleTexture\Debug\link.write.1.tlog
C:\Users\brownde1\Documents\Games 1\Goblins and Castle\Goblins-and-Castle\Chap5SingleTexture\Debug\vc110.idb
C:\Users\brownde1\Documents\Games 1\Goblins and Castle\Goblins-and-Castle\Chap5SingleTexture\Debug\Planet.pdb
C:\Users\brownde1\Documents\Games 1\Goblins and Castle\Goblins-and-Castle\Chap5SingleTexture\Debug\vc110.pdb
C:\Users\brownde1\Documents\Games 1\Goblins and Castle\Goblins-and-Castle\Chap5SingleTexture\Debug\Planet.exe
